<?xml version="1.0" encoding="UTF-8"?>
<!-- Generated by org.testng.reporters.JUnitReportReporter -->
<testsuite hostname="DESKTOP-PH7A22V" failures="0" tests="4" name="com.testclass.saucedemo.Sequence_run_of_annotations" time="14.979" errors="0" timestamp="2022-04-16T09:54:14 IST" skipped="0">
  <testcase classname="com.testclass.saucedemo.Sequence_run_of_annotations" name="test1" time="3.709"/>
  <system-out/>
  <testcase classname="com.testclass.saucedemo.Sequence_run_of_annotations" name="test2" time="3.734"/>
  <system-out/>
  <testcase classname="com.testclass.saucedemo.Sequence_run_of_annotations" name="test4" time="3.624"/>
  <system-out/>
  <testcase classname="com.testclass.saucedemo.Sequence_run_of_annotations" name="test3" time="3.912"/>
  <system-out/>
</testsuite> <!-- com.testclass.saucedemo.Sequence_run_of_annotations -->
