<?xml version="1.0" encoding="UTF-8"?>
<!-- Generated by org.testng.reporters.JUnitReportReporter -->
<testsuite hostname="DESKTOP-PH7A22V" failures="0" tests="1" name="com.testclass.saucedemo.TS_yourinfo_cancel_function" time="7.198" errors="0" timestamp="2022-04-16T09:54:14 IST" skipped="0">
  <testcase classname="com.testclass.saucedemo.TS_yourinfo_cancel_function" name="cancelbutton_functionality" time="7.198"/>
  <system-out/>
</testsuite> <!-- com.testclass.saucedemo.TS_yourinfo_cancel_function -->
