<?xml version="1.0" encoding="UTF-8"?>
<!-- Generated by org.testng.reporters.JUnitReportReporter -->
<testsuite hostname="DESKTOP-PH7A22V" failures="0" tests="1" name="com.testclass.saucedemo.TS_yourinfo_continue_function" time="5.601" errors="0" timestamp="2022-04-16T09:54:14 IST" skipped="0">
  <testcase classname="com.testclass.saucedemo.TS_yourinfo_continue_function" name="continuefunctionality" time="5.601"/>
  <system-out/>
</testsuite> <!-- com.testclass.saucedemo.TS_yourinfo_continue_function -->
